0 info it worked if it ends with ok
1 verbose cli [ '/Users/devon-church/.nvm/versions/v7.0.0/bin/node',
1 verbose cli   '/Users/devon-church/.nvm/versions/v7.0.0/bin/npm',
1 verbose cli   'run',
1 verbose cli   'test:unit',
1 verbose cli   '--',
1 verbose cli   '--watch' ]
2 info using npm@3.10.8
3 info using node@v7.0.0
4 verbose run-script [ 'pretest:unit', 'test:unit', 'posttest:unit' ]
5 info lifecycle kettle-corn@1.0.0~pretest:unit: kettle-corn@1.0.0
6 silly lifecycle kettle-corn@1.0.0~pretest:unit: no script for pretest:unit, continuing
7 info lifecycle kettle-corn@1.0.0~test:unit: kettle-corn@1.0.0
8 verbose lifecycle kettle-corn@1.0.0~test:unit: unsafe-perm in lifecycle true
9 verbose lifecycle kettle-corn@1.0.0~test:unit: PATH: /Users/devon-church/.nvm/versions/v7.0.0/lib/node_modules/npm/bin/node-gyp-bin:/Users/devon-church/Documents/projects/kettle-corn/node_modules/.bin:/Users/devon-church/.nvm/versions/v7.0.0/bin:/Users/devon-church/.nvm/versions/v7.0.0/bin:/Users/devon-church/.nvm/versions/v8.5.0/bin:/Users/devon-church/.rbenv/shims:/usr/local/bin:/usr/bin:/bin:/usr/sbin:/sbin:/usr/local/bin:/opt/X11/bin:/usr/local/git/bin
10 verbose lifecycle kettle-corn@1.0.0~test:unit: CWD: /Users/devon-church/Documents/projects/kettle-corn
11 silly lifecycle kettle-corn@1.0.0~test:unit: Args: [ '-c', 'jest \'/src/.*.unit.test.js\' "--watch"' ]
12 silly lifecycle kettle-corn@1.0.0~test:unit: Returned: code: 1  signal: null
13 info lifecycle kettle-corn@1.0.0~test:unit: Failed to exec test:unit script
14 verbose stack Error: kettle-corn@1.0.0 test:unit: `jest '/src/.*.unit.test.js' "--watch"`
14 verbose stack Exit status 1
14 verbose stack     at EventEmitter.<anonymous> (/Users/devon-church/.nvm/versions/v7.0.0/lib/node_modules/npm/lib/utils/lifecycle.js:255:16)
14 verbose stack     at emitTwo (events.js:106:13)
14 verbose stack     at EventEmitter.emit (events.js:191:7)
14 verbose stack     at ChildProcess.<anonymous> (/Users/devon-church/.nvm/versions/v7.0.0/lib/node_modules/npm/lib/utils/spawn.js:40:14)
14 verbose stack     at emitTwo (events.js:106:13)
14 verbose stack     at ChildProcess.emit (events.js:191:7)
14 verbose stack     at maybeClose (internal/child_process.js:877:16)
14 verbose stack     at Process.ChildProcess._handle.onexit (internal/child_process.js:226:5)
15 verbose pkgid kettle-corn@1.0.0
16 verbose cwd /Users/devon-church/Documents/projects/kettle-corn
17 error Darwin 16.7.0
18 error argv "/Users/devon-church/.nvm/versions/v7.0.0/bin/node" "/Users/devon-church/.nvm/versions/v7.0.0/bin/npm" "run" "test:unit" "--" "--watch"
19 error node v7.0.0
20 error npm  v3.10.8
21 error code ELIFECYCLE
22 error kettle-corn@1.0.0 test:unit: `jest '/src/.*.unit.test.js' "--watch"`
22 error Exit status 1
23 error Failed at the kettle-corn@1.0.0 test:unit script 'jest '/src/.*.unit.test.js' "--watch"'.
23 error Make sure you have the latest version of node.js and npm installed.
23 error If you do, this is most likely a problem with the kettle-corn package,
23 error not with npm itself.
23 error Tell the author that this fails on your system:
23 error     jest '/src/.*.unit.test.js' "--watch"
23 error You can get information on how to open an issue for this project with:
23 error     npm bugs kettle-corn
23 error Or if that isn't available, you can get their info via:
23 error     npm owner ls kettle-corn
23 error There is likely additional logging output above.
24 verbose exit [ 1, true ]
